THIS FILE CONTAINS THE METADATA ABOUT SYSTEM AND RUNTIME


-------System Info-------
Operating System Name: Windows
Nodename: LAPTOP-OD1MPR97
Release: 10
Version: 10.0.22000

-------Python and Package Versions------- 
Python Version: 3.9.7
SigProfilerMatrixGenerator Version: 1.2.4
SigProfilerPlotting version: 1.2.1
matplotlib version: 3.4.3
statsmodels version: 0.12.2
scipy version: 1.7.1
pandas version: 1.3.4
numpy version: 1.21.5

-------Vital Parameters Used for the execution -------
Project: HCC_MAF
Genome: GRCh37
Input File Path: C:\Users\redds\Documents\GitHub\Genomics-II-Group\COSMIC\MAFs\Subtypes\Hepatocellular_Carcinoma\/
exome: False
bed_file: None
chrom_based: False
plot: True
tsb_stat: False
seqInfo: False

-------Date and Time Data------- 
Date and Clock time when the execution started: 2022-04-22 09:06:23.145650


-------Runtime Checkpoints------- 
There appears to be a duplicate single base substitution. Skipping this mutation: 9 21971137 T A
There appears to be a duplicate single base substitution. Skipping this mutation: 9 21971186 G A
There appears to be a duplicate single base substitution. Skipping this mutation: 9 21971186 G A
There appears to be a duplicate single base substitution. Skipping this mutation: 9 21971120 G A
There appears to be a duplicate single base substitution. Skipping this mutation: 9 21971120 G A
There appears to be a duplicate single base substitution. Skipping this mutation: 9 21971208 C A
There appears to be a duplicate single base substitution. Skipping this mutation: 9 21971208 C A
There appears to be a duplicate single base substitution. Skipping this mutation: 9 21971036 C A
There appears to be a duplicate single base substitution. Skipping this mutation: 9 21971036 C A
There appears to be a duplicate single base substitution. Skipping this mutation: 9 21971092 C A
There appears to be a duplicate single base substitution. Skipping this mutation: 9 21974684 G A
Chromosome 10 done
Chromosome 11 done
Chromosome 12 done
Chromosome 13 done
Chromosome 14 done
Chromosome 15 done
Chromosome 16 done
Chromosome 17 done
Chromosome 18 done
Chromosome 19 done
Chromosome 1 done
Chromosome 20 done
Chromosome 21 done
Chromosome 22 done
Chromosome 2 done
Chromosome 3 done
Chromosome 4 done
Chromosome 5 done
Chromosome 6 done
Chromosome 7 done
Chromosome 8 done
Chromosome 9 done
Chromosome MT done
Chromosome X done
Chromosome Y done
The reference base does not match the reference chromosome position. Skipping this mutation: 13 48941663 ATCTTAAAAATAAAGATCTAGATG C
The reference base does not match the reference chromosome position. Skipping this mutation: 15 91352420 ACA G
The reference base does not match the reference chromosome position. Skipping this mutation: 16 3778502 ATG TT
The reference base does not match the reference chromosome position. Skipping this mutation: 16 347728 CGA AG
The reference base does not match the reference chromosome position. Skipping this mutation: 16 2110708 CGTCCTGTCCA T
The reference base does not match the reference chromosome position. Skipping this mutation: 1 27023844 TGGCGGGCCCCAGGACGGGG CGT
The reference base does not match the reference chromosome position. Skipping this mutation: 2 128051205 GGGAACCGCTTCCTGAGGGTCGTTCCC A
The reference base does not match the reference chromosome position. Skipping this mutation: 5 112175179 GATTCTGCTAATACCCTGCA C
The reference base does not match the reference chromosome position. Skipping this mutation: 5 67589008 ATTATACTCTTACAC GTG
The reference base does not match the reference chromosome position. Skipping this mutation: 6 36652125 GGCGAGGCCGGGATGA TC
The reference base does not match the reference chromosome position. Skipping this mutation: 6 89793470 G TCC
The reference base does not match the reference chromosome position. Skipping this mutation: 6 150016272 CTTGGTA GAATTCAATT
