THIS FILE CONTAINS THE METADATA ABOUT SYSTEM AND RUNTIME


-------System Info-------
Operating System Name: Windows
Nodename: LAPTOP-OD1MPR97
Release: 10
Version: 10.0.22000

-------Python and Package Versions------- 
Python Version: 3.9.7
SigProfilerMatrixGenerator Version: 1.2.4
SigProfilerPlotting version: 1.2.1
matplotlib version: 3.4.3
statsmodels version: 0.12.2
scipy version: 1.7.1
pandas version: 1.3.4
numpy version: 1.21.5

-------Vital Parameters Used for the execution -------
Project: IDC_HR+HER2+_MAF
Genome: GRCh37
Input File Path: C:\Users\redds\Documents\GitHub\Genomics-II-Group\COSMIC\MAFs\Subtypes\Breast_Ductal_HR+HER2+\/
exome: False
bed_file: None
chrom_based: False
plot: True
tsb_stat: False
seqInfo: False

-------Date and Time Data------- 
Date and Clock time when the execution started: 2022-04-21 23:34:36.362724


-------Runtime Checkpoints------- 
There appears to be a duplicate single base substitution. Skipping this mutation: 9 21971111 G C
There appears to be a duplicate single base substitution. Skipping this mutation: 9 21971111 G C
Chromosome 10 done
Chromosome 11 done
Chromosome 12 done
Chromosome 13 done
Chromosome 14 done
Chromosome 15 done
Chromosome 16 done
Chromosome 17 done
Chromosome 18 done
Chromosome 19 done
Chromosome 1 done
Chromosome 20 done
Chromosome 21 done
Chromosome 22 done
Chromosome 2 done
Chromosome 3 done
Chromosome 4 done
Chromosome 5 done
Chromosome 6 done
Chromosome 7 done
Chromosome 8 done
Chromosome 9 done
Chromosome MT done
Chromosome X done
Chromosome Y done
The reference base does not match the reference chromosome position. Skipping this mutation: 10 8115700 GATT A
The reference base does not match the reference chromosome position. Skipping this mutation: 11 69588237 CATC GATT
The reference base does not match the reference chromosome position. Skipping this mutation: 12 46233218 G AA
The reference base does not match the reference chromosome position. Skipping this mutation: 16 396416 CTTAA ATTTT
The reference base does not match the reference chromosome position. Skipping this mutation: 17 7579347 GAA AGG
The reference base does not match the reference chromosome position. Skipping this mutation: 17 7578371 AT C
The reference base does not match the reference chromosome position. Skipping this mutation: 17 7579406 ACAGGGGC CCGGGGG
The reference base does not match the reference chromosome position. Skipping this mutation: 1 27023268 TGGCGGCAGCAGCGATGGGGTGGG C
There appears to be a duplicate single base substitution. Skipping this mutation: 921971124--GAGTGGCGGGGTC
