THIS FILE CONTAINS THE METADATA ABOUT SYSTEM AND RUNTIME


-------System Info-------
Operating System Name: Windows
Nodename: LAPTOP-OD1MPR97
Release: 10
Version: 10.0.22000

-------Python and Package Versions------- 
Python Version: 3.9.7
SigProfilerMatrixGenerator Version: 1.2.4
SigProfilerPlotting version: 1.2.1
matplotlib version: 3.4.3
statsmodels version: 0.12.2
scipy version: 1.7.1
pandas version: 1.3.4
numpy version: 1.21.5

-------Vital Parameters Used for the execution -------
Project: UM_MAF
Genome: GRCh37
Input File Path: C:\Users\redds\Documents\GitHub\Genomics-II-Group\COSMIC\MAFs\Subtypes\Melanoma_Uveal\/
exome: False
bed_file: None
chrom_based: False
plot: True
tsb_stat: False
seqInfo: False

-------Date and Time Data------- 
Date and Clock time when the execution started: 2022-04-22 17:14:54.134558


-------Runtime Checkpoints------- 
Chromosome 10 done
Chromosome 11 done
Chromosome 12 done
Chromosome 13 done
Chromosome 14 done
Chromosome 15 done
Chromosome 16 done
Chromosome 17 done
Chromosome 18 done
Chromosome 19 done
Chromosome 1 done
Chromosome 20 done
Chromosome 21 done
Chromosome 22 done
Chromosome 2 done
Chromosome 3 done
Chromosome 4 done
Chromosome 5 done
Chromosome 6 done
Chromosome 7 done
Chromosome 8 done
Chromosome 9 done
Chromosome MT done
Chromosome X done
Chromosome Y done
The reference base does not match the reference chromosome position. Skipping this mutation: 11 101981807 ACGGCCAACGTGCCCCAGACCG GGCGCCAACGTGCCGCACACGC
The reference base does not match the reference chromosome position. Skipping this mutation: 12 46246139 CTA GGG
The reference base does not match the reference chromosome position. Skipping this mutation: 13 21555732 GACA C
The reference base does not match the reference chromosome position. Skipping this mutation: 14 30046434 AGATGGAACTCAG GATGCAACTTAA
The reference base does not match the reference chromosome position. Skipping this mutation: 16 72822025 TAGT CGCC
The reference base does not match the reference chromosome position. Skipping this mutation: 16 72822047 TGAAT AA
The reference base does not match the reference chromosome position. Skipping this mutation: 16 72991533 CTGTTGCAGTAACA TTGCTGAAGCAGCG
The reference base does not match the reference chromosome position. Skipping this mutation: 16 72992271 AGCG GATA
The reference base does not match the reference chromosome position. Skipping this mutation: 17 29490271 TTTTCTTCACACCTGT CTTCATCCACACTTAC
The reference base does not match the reference chromosome position. Skipping this mutation: 17 70120362 GGCAGGCCAGGGCACC CGCCGGGCAGAGCGGA
The reference base does not match the reference chromosome position. Skipping this mutation: 19 10250804 GGGCGGCCCGCCGCAC CGGGCGTCCCCCGCAG
The reference base does not match the reference chromosome position. Skipping this mutation: 19 10602405 CTG GCC
The reference base does not match the reference chromosome position. Skipping this mutation: 3 52441321 GTGGCTCGGGCCTGGGGA C
The reference base does not match the reference chromosome position. Skipping this mutation: 3 52438511 CCTCATAGTCATCCTCATCATCTGAG AC
The reference base does not match the reference chromosome position. Skipping this mutation: 3 138665306 CGC GCT
The reference base does not match the reference chromosome position. Skipping this mutation: 4 153332680 GAGG C
The reference base does not match the reference chromosome position. Skipping this mutation: 4 66356275 CTCCTCACACACACCTGCATGG TGCCTCGCACAGACCTGAGTGT
The reference base does not match the reference chromosome position. Skipping this mutation: 6 157469875 ATGTGGTGCTG CTGCGGTACCA
The reference base does not match the reference chromosome position. Skipping this mutation: 6 157528247 ACCGCAGACCTATGAGAAAGAGGAGGAT GCCTCAGACTTACGAGAAGGAGGAAGAG
The reference base does not match the reference chromosome position. Skipping this mutation: 7 50444359 GGGACCAAGGCAGCTCGGCTT ATGGCCCAGGCAGCAAGGCTA
There appears to be a duplicate single base substitution. Skipping this mutation: 921974776-GCCA-
The reference base does not match the reference chromosome position. Skipping this mutation: 9 139413115 GGCGCTGGCACAGTCATCA AGCCATGGCGCAGTCGTCG
The reference base does not match the reference chromosome position. Skipping this mutation: X 20156738 ACC TTT
